# JRE version: OpenJDK Runtime Environment 18.9 (11.0.11+9) (build 11.0.11+9)
# Java VM: OpenJDK 64-Bit Server VM 18.9 (11.0.11+9, mixed mode, tiered, compressed oops, g1 gc, windows-amd64)
Heap:
 garbage-first heap   total 262144K, used 89382K [0x0000000740000000, 0x0000000800000000)
  region size 1024K, 13 young (13312K), 3 survivors (3072K)
 Metaspace       used 60220K, capacity 61529K, committed 61704K, reserved 1103872K
  class space    used 7506K, capacity 8066K, committed 8192K, reserved 1048576K
GC Heap History (20 events):
Event: 1.143 GC heap before
{Heap before GC invocations=0 (full 0):
 garbage-first heap   total 262144K, used 64512K [0x0000000740000000, 0x0000000800000000)
  region size 1024K, 60 young (61440K), 0 survivors (0K)
 Metaspace       used 12772K, capacity 13153K, committed 13440K, reserved 1060864K
  class space    used 1185K, capacity 1325K, committed 1408K, reserved 1048576K
}
Event: 1.170 GC heap after
{Heap after GC invocations=1 (full 0):
 garbage-first heap   total 262144K, used 17704K [0x0000000740000000, 0x0000000800000000)
  region size 1024K, 8 young (8192K), 8 survivors (8192K)
 Metaspace       used 12772K, capacity 13153K, committed 13440K, reserved 1060864K
  class space    used 1185K, capacity 1325K, committed 1408K, reserved 1048576K
}
Event: 2.077 GC heap before
{Heap before GC invocations=1 (full 0):
 garbage-first heap   total 262144K, used 59688K [0x0000000740000000, 0x0000000800000000)
  region size 1024K, 50 young (51200K), 8 survivors (8192K)
 Metaspace       used 20638K, capacity 21134K, committed 21296K, reserved 1069056K
  class space    used 1808K, capacity 2071K, committed 2176K, reserved 1048576K
}
Event: 2.094 GC heap after
{Heap after GC invocations=2 (full 0):
 garbage-first heap   total 262144K, used 23856K [0x0000000740000000, 0x0000000800000000)
  region size 1024K, 7 young (7168K), 7 survivors (7168K)
 Metaspace       used 20638K, capacity 21134K, committed 21296K, reserved 1069056K
  class space    used 1808K, capacity 2071K, committed 2176K, reserved 1048576K
}
Event: 3.161 GC heap before
{Heap before GC invocations=3 (full 0):
 garbage-first heap   total 262144K, used 79152K [0x0000000740000000, 0x0000000800000000)
  region size 1024K, 60 young (61440K), 7 survivors (7168K)
 Metaspace       used 27032K, capacity 27653K, committed 27952K, reserved 1075200K
  class space    used 2624K, capacity 2897K, committed 2944K, reserved 1048576K
}
Event: 3.165 GC heap after
{Heap after GC invocations=4 (full 0):
 garbage-first heap   total 262144K, used 25930K [0x0000000740000000, 0x0000000800000000)
  region size 1024K, 3 young (3072K), 3 survivors (3072K)
 Metaspace       used 27032K, capacity 27653K, committed 27952K, reserved 1075200K
  class space    used 2624K, capacity 2897K, committed 2944K, reserved 1048576K
}
Event: 4.121 GC heap before
{Heap before GC invocations=4 (full 0):
 garbage-first heap   total 262144K, used 89418K [0x0000000740000000, 0x0000000800000000)
  region size 1024K, 60 young (61440K), 3 survivors (3072K)
 Metaspace       used 32032K, capacity 32683K, committed 32944K, reserved 1079296K
  class space    used 3238K, capacity 3504K, committed 3584K, reserved 1048576K
}
Event: 4.124 GC heap after
{Heap after GC invocations=5 (full 0):
 garbage-first heap   total 262144K, used 35782K [0x0000000740000000, 0x0000000800000000)
  region size 1024K, 6 young (6144K), 6 survivors (6144K)
 Metaspace       used 32032K, capacity 32683K, committed 32944K, reserved 1079296K
  class space    used 3238K, capacity 3504K, committed 3584K, reserved 1048576K
}
Event: 4.557 GC heap before
{Heap before GC invocations=5 (full 0):
 garbage-first heap   total 262144K, used 80838K [0x0000000740000000, 0x0000000800000000)
  region size 1024K, 51 young (52224K), 6 survivors (6144K)
 Metaspace       used 35127K, capacity 35774K, committed 35920K, reserved 1081344K
  class space    used 3731K, capacity 3998K, committed 4096K, reserved 1048576K
}
Event: 4.561 GC heap after
{Heap after GC invocations=6 (full 0):
 garbage-first heap   total 262144K, used 34250K [0x0000000740000000, 0x0000000800000000)
  region size 1024K, 5 young (5120K), 5 survivors (5120K)
 Metaspace       used 35127K, capacity 35774K, committed 35920K, reserved 1081344K
  class space    used 3731K, capacity 3998K, committed 4096K, reserved 1048576K
}
Event: 7.350 GC heap before
{Heap before GC invocations=7 (full 0):
 garbage-first heap   total 262144K, used 89546K [0x0000000740000000, 0x0000000800000000)
  region size 1024K, 60 young (61440K), 5 survivors (5120K)
 Metaspace       used 45651K, capacity 46503K, committed 46800K, reserved 1091584K
  class space    used 5104K, capacity 5466K, committed 5504K, reserved 1048576K
}
Event: 7.355 GC heap after
{Heap after GC invocations=8 (full 0):
 garbage-first heap   total 262144K, used 40398K [0x0000000740000000, 0x0000000800000000)
  region size 1024K, 8 young (8192K), 8 survivors (8192K)
 Metaspace       used 45651K, capacity 46503K, committed 46800K, reserved 1091584K
  class space    used 5104K, capacity 5466K, committed 5504K, reserved 1048576K
}
Event: 8.634 GC heap before
{Heap before GC invocations=8 (full 0):
 garbage-first heap   total 262144K, used 93646K [0x0000000740000000, 0x0000000800000000)
  region size 1024K, 60 young (61440K), 8 survivors (8192K)
 Metaspace       used 51239K, capacity 52202K, committed 52304K, reserved 1095680K
  class space    used 5921K, capacity 6326K, committed 6400K, reserved 1048576K
}
Event: 8.644 GC heap after
{Heap after GC invocations=9 (full 0):
 garbage-first heap   total 262144K, used 47422K [0x0000000740000000, 0x0000000800000000)
  region size 1024K, 8 young (8192K), 8 survivors (8192K)
 Metaspace       used 51239K, capacity 52202K, committed 52304K, reserved 1095680K
  class space    used 5921K, capacity 6326K, committed 6400K, reserved 1048576K
}
Event: 9.984 GC heap before
{Heap before GC invocations=9 (full 0):
 garbage-first heap   total 262144K, used 100670K [0x0000000740000000, 0x0000000800000000)
  region size 1024K, 60 young (61440K), 8 survivors (8192K)
 Metaspace       used 53056K, capacity 54025K, committed 54096K, reserved 1097728K
  class space    used 6220K, capacity 6646K, committed 6656K, reserved 1048576K
}
Event: 9.991 GC heap after
{Heap after GC invocations=10 (full 0):
 garbage-first heap   total 262144K, used 49387K [0x0000000740000000, 0x0000000800000000)
  region size 1024K, 5 young (5120K), 5 survivors (5120K)
 Metaspace       used 53056K, capacity 54025K, committed 54096K, reserved 1097728K
  class space    used 6220K, capacity 6646K, committed 6656K, reserved 1048576K
}
Event: 11.848 GC heap before
{Heap before GC invocations=10 (full 0):
 garbage-first heap   total 262144K, used 124139K [0x0000000740000000, 0x0000000800000000)
  region size 1024K, 60 young (61440K), 5 survivors (5120K)
 Metaspace       used 58775K, capacity 59968K, committed 60112K, reserved 1101824K
  class space    used 7238K, capacity 7757K, committed 7808K, reserved 1048576K
}
Event: 11.857 GC heap after
{Heap after GC invocations=11 (full 0):
 garbage-first heap   total 262144K, used 79306K [0x0000000740000000, 0x0000000800000000)
  region size 1024K, 8 young (8192K), 8 survivors (8192K)
 Metaspace       used 58775K, capacity 59968K, committed 60112K, reserved 1101824K
  class space    used 7238K, capacity 7757K, committed 7808K, reserved 1048576K
}
Event: 12.025 GC heap before
{Heap before GC invocations=11 (full 0):
 garbage-first heap   total 262144K, used 88522K [0x0000000740000000, 0x0000000800000000)
  region size 1024K, 15 young (15360K), 8 survivors (8192K)
 Metaspace       used 59029K, capacity 60179K, committed 60296K, reserved 1101824K
  class space    used 7272K, capacity 7787K, committed 7808K, reserved 1048576K
}
Event: 12.034 GC heap after
{Heap after GC invocations=12 (full 0):
 garbage-first heap   total 262144K, used 81190K [0x0000000740000000, 0x0000000800000000)
  region size 1024K, 3 young (3072K), 3 survivors (3072K)
 Metaspace       used 59029K, capacity 60179K, committed 60296K, reserved 1101824K
  class space    used 7272K, capacity 7787K, committed 7808K, reserved 1048576K
}

